mode: set
paybyday/payByDay.go:11.83,14.34 3 1
paybyday/payByDay.go:19.2,20.12 2 1
paybyday/payByDay.go:14.34,16.3 1 1
paybyday/payByDay.go:16.8,18.3 1 1
paybyday/payByDay.go:23.42,29.2 4 1
paybyday/payByDay.go:31.98,39.2 5 1
paybyfrequency/payByFrequecy.go:11.108,14.34 3 1
paybyfrequency/payByFrequecy.go:19.2,20.12 2 1
paybyfrequency/payByFrequecy.go:14.34,16.3 1 1
paybyfrequency/payByFrequecy.go:16.8,18.3 1 1
paybyfrequency/payByFrequecy.go:23.62,30.2 5 1
paybyfrequency/payByFrequecy.go:33.33,41.2 6 1
payrollhelper/payrollHelper.go:13.68,16.21 3 1
payrollhelper/payrollHelper.go:19.2,20.28 2 1
payrollhelper/payrollHelper.go:23.2,24.53 2 1
payrollhelper/payrollHelper.go:31.2,31.14 1 1
payrollhelper/payrollHelper.go:16.21,18.3 1 1
payrollhelper/payrollHelper.go:20.28,22.3 1 1
payrollhelper/payrollHelper.go:24.53,27.27 3 1
payrollhelper/payrollHelper.go:27.27,29.4 1 1
payrollhelper/payrollHelper.go:35.96,37.6 2 1
payrollhelper/payrollHelper.go:54.2,54.15 1 1
payrollhelper/payrollHelper.go:37.6,39.29 2 1
payrollhelper/payrollHelper.go:42.3,42.41 1 1
payrollhelper/payrollHelper.go:49.3,52.18 4 1
payrollhelper/payrollHelper.go:39.29,40.9 1 1
payrollhelper/payrollHelper.go:42.41,47.12 5 1
payrollhelper/payrollHelper.go:59.62,61.6 2 1
payrollhelper/payrollHelper.go:83.2,83.15 1 1
payrollhelper/payrollHelper.go:61.6,62.29 1 1
payrollhelper/payrollHelper.go:65.3,66.27 2 1
payrollhelper/payrollHelper.go:71.3,71.41 1 1
payrollhelper/payrollHelper.go:78.3,81.18 4 1
payrollhelper/payrollHelper.go:62.29,63.9 1 1
payrollhelper/payrollHelper.go:66.27,68.4 1 1
payrollhelper/payrollHelper.go:68.9,70.4 1 1
payrollhelper/payrollHelper.go:71.41,76.12 5 1
payrollhelper/payrollHelper.go:87.104,90.22 3 1
payrollhelper/payrollHelper.go:95.2,97.80 3 1
payrollhelper/payrollHelper.go:90.22,94.3 2 1
payrollhelper/payrollHelper.go:101.94,103.6 2 1
payrollhelper/payrollHelper.go:112.2,112.15 1 1
payrollhelper/payrollHelper.go:103.6,104.37 1 1
payrollhelper/payrollHelper.go:107.3,110.62 4 1
payrollhelper/payrollHelper.go:104.37,105.9 1 1
payrollhelper/payrollHelper.go:117.36,119.6 2 1
payrollhelper/payrollHelper.go:133.2,133.15 1 1
payrollhelper/payrollHelper.go:119.6,120.37 1 1
payrollhelper/payrollHelper.go:123.3,124.27 2 1
payrollhelper/payrollHelper.go:129.3,131.62 3 1
payrollhelper/payrollHelper.go:120.37,121.9 1 1
payrollhelper/payrollHelper.go:124.27,126.4 1 1
payrollhelper/payrollHelper.go:126.9,128.4 1 1
payrollhelper/payrollHelper.go:136.87,137.6 1 1
payrollhelper/payrollHelper.go:137.6,140.91 2 1
payrollhelper/payrollHelper.go:140.91,142.4 1 1
payrollhelper/payrollHelper.go:146.100,147.46 1 1
payrollhelper/payrollHelper.go:161.2,161.24 1 1
payrollhelper/payrollHelper.go:147.46,148.7 1 1
payrollhelper/payrollHelper.go:148.7,150.48 2 1
payrollhelper/payrollHelper.go:150.48,151.59 1 1
payrollhelper/payrollHelper.go:155.5,155.10 1 1
payrollhelper/payrollHelper.go:151.59,153.11 2 1
payrollhelper/payrollHelper.go:158.8,160.3 1 1
payrollhelper/payrollHelper.go:164.71,165.40 1 1
payrollhelper/payrollHelper.go:170.2,170.16 1 1
payrollhelper/payrollHelper.go:165.40,167.3 1 1
payrollhelper/payrollHelper.go:167.8,167.45 1 1
payrollhelper/payrollHelper.go:167.45,169.3 1 1
payrollhelper/payrollHelper.go:173.108,176.26 3 1
payrollhelper/payrollHelper.go:179.2,179.16 1 1
payrollhelper/payrollHelper.go:176.26,178.3 1 1
payrollhelper/payrollHelper.go:182.84,184.49 2 1
payrollhelper/payrollHelper.go:189.2,189.24 1 1
payrollhelper/payrollHelper.go:184.49,186.3 1 1
payrollhelper/payrollHelper.go:186.8,188.3 1 1
payrollhelper/payrollHelper.go:192.85,193.48 1 1
payrollhelper/payrollHelper.go:198.2,198.24 1 1
payrollhelper/payrollHelper.go:193.48,195.3 1 1
payrollhelper/payrollHelper.go:195.8,195.53 1 1
payrollhelper/payrollHelper.go:195.53,197.3 1 1
payrollhelper/payrollHelper.go:202.37,205.26 3 1
payrollhelper/payrollHelper.go:208.2,208.24 1 1
payrollhelper/payrollHelper.go:205.26,207.3 1 1
utilities/utility.go:43.64,48.22 5 1
utilities/utility.go:52.2,56.28 4 1
utilities/utility.go:61.2,61.78 1 1
utilities/utility.go:64.2,64.22 1 1
utilities/utility.go:48.22,51.3 2 1
utilities/utility.go:56.28,59.3 2 1
utilities/utility.go:61.78,63.3 1 1
